<?xml version="1.0" encoding="UTF-8"?>
<!-- Generated by org.testng.reporters.JUnitReportReporter -->
<testsuite hostname="LAPTOP-UHOKIKP4" failures="0" tests="1" name="getrequest.postexampletwo" time="3.173" errors="0" timestamp="03 Jun 2019 14:19:40 GMT" skipped="0">
  <testcase classname="getrequest.postexampletwo" name="post" time="3.173"/>
</testsuite> <!-- getrequest.postexampletwo -->
