<?xml version="1.0" encoding="UTF-8"?>
<!-- Generated by org.testng.reporters.JUnitReportReporter -->
<testsuite hostname="LAPTOP-UHOKIKP4" failures="0" tests="1" name="getrequest.Authentication" time="2.931" errors="0" timestamp="27 May 2019 16:27:14 GMT" skipped="0">
  <testcase classname="getrequest.Authentication" name="Validuser" time="2.931"/>
</testsuite> <!-- getrequest.Authentication -->
